[0.019s] Invoking command in '/home/ha/ros2_ws/src/build/my_cpp_pkg': CMAKE_PREFIX_PATH=${CMAKE_PREFIX_PATH}:/home/ha/ros2_ws/install/my_python_pkg:/opt/ros/jazzy DEBUGINFOD_URLS=https://debuginfod.ubuntu.com /usr/bin/cmake /home/ha/ros2_ws/src/my_cpp_pkg -DCMAKE_INSTALL_PREFIX=/home/ha/ros2_ws/src/install/my_cpp_pkg
[0.245s] -- The C compiler identification is GNU 13.3.0
[0.672s] -- The CXX compiler identification is GNU 13.3.0
[0.709s] -- Detecting C compiler ABI info
[0.821s] -- Detecting C compiler ABI info - done
[0.831s] -- Check for working C compiler: /usr/bin/cc - skipped
[0.833s] -- Detecting C compile features
[0.834s] -- Detecting C compile features - done
[0.863s] -- Detecting CXX compiler ABI info
[0.970s] -- Detecting CXX compiler ABI info - done
[0.978s] -- Check for working CXX compiler: /usr/bin/c++ - skipped
[0.978s] -- Detecting CXX compile features
[0.980s] -- Detecting CXX compile features - done
[1.015s] -- Found ament_cmake: 2.5.3 (/opt/ros/jazzy/share/ament_cmake/cmake)
[1.180s] -- Found Python3: /usr/bin/python3 (found version "3.12.3") found components: Interpreter 
[1.347s] -- Found rclcpp: 28.1.6 (/opt/ros/jazzy/share/rclcpp/cmake)
[1.433s] -- Found rosidl_generator_c: 4.6.5 (/opt/ros/jazzy/share/rosidl_generator_c/cmake)
[1.453s] -- Found rosidl_generator_cpp: 4.6.5 (/opt/ros/jazzy/share/rosidl_generator_cpp/cmake)
[1.485s] -- Using all available rosidl_typesupport_c: rosidl_typesupport_fastrtps_c;rosidl_typesupport_introspection_c
[1.529s] -- Using all available rosidl_typesupport_cpp: rosidl_typesupport_fastrtps_cpp;rosidl_typesupport_introspection_cpp
[1.649s] -- Found rmw_implementation_cmake: 7.3.1 (/opt/ros/jazzy/share/rmw_implementation_cmake/cmake)
[1.656s] -- Found rmw_fastrtps_cpp: 8.4.1 (/opt/ros/jazzy/share/rmw_fastrtps_cpp/cmake)
[1.777s] -- Found OpenSSL: /usr/lib/x86_64-linux-gnu/libcrypto.so (found version "3.0.13")  
[1.794s] -- Found FastRTPS: /opt/ros/jazzy/include (Required is at least version "2.13") 
[1.806s] -- Using RMW implementation 'rmw_fastrtps_cpp' as default
[1.903s] [31mCMake Error at /opt/ros/jazzy/share/ament_cmake_target_dependencies/cmake/ament_target_dependencies.cmake:77 (message):
[1.903s]   ament_target_dependencies() the passed package name 'std_msgs' was not
[1.904s]   found before
[1.904s] Call Stack (most recent call first):
[1.904s]   CMakeLists.txt:16 (ament_target_dependencies)
[1.905s] 
[1.905s] [0m
[1.905s] -- Configuring incomplete, errors occurred!
[1.913s] Invoked command in '/home/ha/ros2_ws/src/build/my_cpp_pkg' returned '1': CMAKE_PREFIX_PATH=${CMAKE_PREFIX_PATH}:/home/ha/ros2_ws/install/my_python_pkg:/opt/ros/jazzy DEBUGINFOD_URLS=https://debuginfod.ubuntu.com /usr/bin/cmake /home/ha/ros2_ws/src/my_cpp_pkg -DCMAKE_INSTALL_PREFIX=/home/ha/ros2_ws/src/install/my_cpp_pkg
