running egg_info
writing ../build/turtlesim_catch_all/turtlesim_catch_all.egg-info/PKG-INFO
writing dependency_links to ../build/turtlesim_catch_all/turtlesim_catch_all.egg-info/dependency_links.txt
writing entry points to ../build/turtlesim_catch_all/turtlesim_catch_all.egg-info/entry_points.txt
writing requirements to ../build/turtlesim_catch_all/turtlesim_catch_all.egg-info/requires.txt
writing top-level names to ../build/turtlesim_catch_all/turtlesim_catch_all.egg-info/top_level.txt
reading manifest file '../build/turtlesim_catch_all/turtlesim_catch_all.egg-info/SOURCES.txt'
writing manifest file '../build/turtlesim_catch_all/turtlesim_catch_all.egg-info/SOURCES.txt'
running build
running build_py
copying turtlesim_catch_all/turtle_controller_targetpoint.py -> /home/ha/ros2_ws/src/build/turtlesim_catch_all/build/lib/turtlesim_catch_all
copying turtlesim_catch_all/turtle_controller_catch_points.py -> /home/ha/ros2_ws/src/build/turtlesim_catch_all/build/lib/turtlesim_catch_all
copying turtlesim_catch_all/__init__.py -> /home/ha/ros2_ws/src/build/turtlesim_catch_all/build/lib/turtlesim_catch_all
running install
running install_lib
copying /home/ha/ros2_ws/src/build/turtlesim_catch_all/build/lib/turtlesim_catch_all/turtle_controller_targetpoint.py -> /home/ha/ros2_ws/src/install/turtlesim_catch_all/lib/python3.12/site-packages/turtlesim_catch_all
copying /home/ha/ros2_ws/src/build/turtlesim_catch_all/build/lib/turtlesim_catch_all/turtle_controller_catch_points.py -> /home/ha/ros2_ws/src/install/turtlesim_catch_all/lib/python3.12/site-packages/turtlesim_catch_all
copying /home/ha/ros2_ws/src/build/turtlesim_catch_all/build/lib/turtlesim_catch_all/__init__.py -> /home/ha/ros2_ws/src/install/turtlesim_catch_all/lib/python3.12/site-packages/turtlesim_catch_all
byte-compiling /home/ha/ros2_ws/src/install/turtlesim_catch_all/lib/python3.12/site-packages/turtlesim_catch_all/turtle_controller_targetpoint.py to turtle_controller_targetpoint.cpython-312.pyc
byte-compiling /home/ha/ros2_ws/src/install/turtlesim_catch_all/lib/python3.12/site-packages/turtlesim_catch_all/turtle_controller_catch_points.py to turtle_controller_catch_points.cpython-312.pyc
byte-compiling /home/ha/ros2_ws/src/install/turtlesim_catch_all/lib/python3.12/site-packages/turtlesim_catch_all/__init__.py to __init__.cpython-312.pyc
running install_data
copying resource/turtlesim_catch_all -> /home/ha/ros2_ws/src/install/turtlesim_catch_all/share/ament_index/resource_index/packages
copying package.xml -> /home/ha/ros2_ws/src/install/turtlesim_catch_all/share/turtlesim_catch_all
running install_egg_info
Copying ../build/turtlesim_catch_all/turtlesim_catch_all.egg-info to /home/ha/ros2_ws/src/install/turtlesim_catch_all/lib/python3.12/site-packages/turtlesim_catch_all-0.0.0-py3.12.egg-info
running install_scripts
Installing turtle_controller_catch_points script to /home/ha/ros2_ws/src/install/turtlesim_catch_all/lib/turtlesim_catch_all
Installing turtle_controller_targetpoint script to /home/ha/ros2_ws/src/install/turtlesim_catch_all/lib/turtlesim_catch_all
writing list of installed files to '/home/ha/ros2_ws/src/build/turtlesim_catch_all/install.log'
