[1.130s] Invoking command in '/home/ha/ros2_ws/src/my_python_pkg': DEBUGINFOD_URLS=https://debuginfod.ubuntu.com PYTHONPATH=/home/ha/ros2_ws/src/build/my_python_pkg/prefix_override:/usr/lib/python3/dist-packages/colcon_core/task/python/colcon_distutils_commands:/home/ha/ros2_ws/src/install/my_python_pkg/lib/python3.12/site-packages:${PYTHONPATH} /usr/bin/python3 -W ignore:setup.py install is deprecated -W ignore:easy_install command is deprecated setup.py egg_info --egg-base ../build/my_python_pkg build --build-base /home/ha/ros2_ws/src/build/my_python_pkg/build install --record /home/ha/ros2_ws/src/build/my_python_pkg/install.log --single-version-externally-managed install_data
[1.471s] running egg_info
[1.471s] creating ../build/my_python_pkg/my_python_pkg.egg-info
[1.487s] writing ../build/my_python_pkg/my_python_pkg.egg-info/PKG-INFO
[1.488s] writing dependency_links to ../build/my_python_pkg/my_python_pkg.egg-info/dependency_links.txt
[1.488s] writing entry points to ../build/my_python_pkg/my_python_pkg.egg-info/entry_points.txt
[1.488s] writing requirements to ../build/my_python_pkg/my_python_pkg.egg-info/requires.txt
[1.488s] writing top-level names to ../build/my_python_pkg/my_python_pkg.egg-info/top_level.txt
[1.488s] writing manifest file '../build/my_python_pkg/my_python_pkg.egg-info/SOURCES.txt'
[1.543s] reading manifest file '../build/my_python_pkg/my_python_pkg.egg-info/SOURCES.txt'
[1.543s] writing manifest file '../build/my_python_pkg/my_python_pkg.egg-info/SOURCES.txt'
[1.544s] running build
[1.544s] running build_py
[1.545s] creating /home/ha/ros2_ws/src/build/my_python_pkg/build
[1.545s] creating /home/ha/ros2_ws/src/build/my_python_pkg/build/lib
[1.545s] creating /home/ha/ros2_ws/src/build/my_python_pkg/build/lib/my_python_pkg
[1.545s] copying my_python_pkg/my_first_node.py -> /home/ha/ros2_ws/src/build/my_python_pkg/build/lib/my_python_pkg
[1.546s] copying my_python_pkg/__init__.py -> /home/ha/ros2_ws/src/build/my_python_pkg/build/lib/my_python_pkg
[1.546s] running install
[1.551s] running install_lib
[1.568s] creating /home/ha/ros2_ws/src/install/my_python_pkg/lib/python3.12/site-packages/my_python_pkg
[1.568s] copying /home/ha/ros2_ws/src/build/my_python_pkg/build/lib/my_python_pkg/my_first_node.py -> /home/ha/ros2_ws/src/install/my_python_pkg/lib/python3.12/site-packages/my_python_pkg
[1.569s] copying /home/ha/ros2_ws/src/build/my_python_pkg/build/lib/my_python_pkg/__init__.py -> /home/ha/ros2_ws/src/install/my_python_pkg/lib/python3.12/site-packages/my_python_pkg
[1.569s] byte-compiling /home/ha/ros2_ws/src/install/my_python_pkg/lib/python3.12/site-packages/my_python_pkg/my_first_node.py to my_first_node.cpython-312.pyc
[1.570s] byte-compiling /home/ha/ros2_ws/src/install/my_python_pkg/lib/python3.12/site-packages/my_python_pkg/__init__.py to __init__.cpython-312.pyc
[1.570s] running install_data
[1.570s] creating /home/ha/ros2_ws/src/install/my_python_pkg/share/ament_index
[1.571s] creating /home/ha/ros2_ws/src/install/my_python_pkg/share/ament_index/resource_index
[1.571s] creating /home/ha/ros2_ws/src/install/my_python_pkg/share/ament_index/resource_index/packages
[1.571s] copying resource/my_python_pkg -> /home/ha/ros2_ws/src/install/my_python_pkg/share/ament_index/resource_index/packages
[1.571s] copying package.xml -> /home/ha/ros2_ws/src/install/my_python_pkg/share/my_python_pkg
[1.571s] running install_egg_info
[1.589s] Copying ../build/my_python_pkg/my_python_pkg.egg-info to /home/ha/ros2_ws/src/install/my_python_pkg/lib/python3.12/site-packages/my_python_pkg-0.0.0-py3.12.egg-info
[1.590s] running install_scripts
[1.768s] Installing py_node script to /home/ha/ros2_ws/src/install/my_python_pkg/lib/my_python_pkg
[1.769s] writing list of installed files to '/home/ha/ros2_ws/src/build/my_python_pkg/install.log'
[1.787s] Invoked command in '/home/ha/ros2_ws/src/my_python_pkg' returned '0': DEBUGINFOD_URLS=https://debuginfod.ubuntu.com PYTHONPATH=/home/ha/ros2_ws/src/build/my_python_pkg/prefix_override:/usr/lib/python3/dist-packages/colcon_core/task/python/colcon_distutils_commands:/home/ha/ros2_ws/src/install/my_python_pkg/lib/python3.12/site-packages:${PYTHONPATH} /usr/bin/python3 -W ignore:setup.py install is deprecated -W ignore:easy_install command is deprecated setup.py egg_info --egg-base ../build/my_python_pkg build --build-base /home/ha/ros2_ws/src/build/my_python_pkg/build install --record /home/ha/ros2_ws/src/build/my_python_pkg/install.log --single-version-externally-managed install_data
