running egg_info
creating ../build/turtlesim_catch_all/turtlesim_catch_all.egg-info
writing ../build/turtlesim_catch_all/turtlesim_catch_all.egg-info/PKG-INFO
writing dependency_links to ../build/turtlesim_catch_all/turtlesim_catch_all.egg-info/dependency_links.txt
writing entry points to ../build/turtlesim_catch_all/turtlesim_catch_all.egg-info/entry_points.txt
writing requirements to ../build/turtlesim_catch_all/turtlesim_catch_all.egg-info/requires.txt
writing top-level names to ../build/turtlesim_catch_all/turtlesim_catch_all.egg-info/top_level.txt
writing manifest file '../build/turtlesim_catch_all/turtlesim_catch_all.egg-info/SOURCES.txt'
reading manifest file '../build/turtlesim_catch_all/turtlesim_catch_all.egg-info/SOURCES.txt'
writing manifest file '../build/turtlesim_catch_all/turtlesim_catch_all.egg-info/SOURCES.txt'
running build
running build_py
creating /home/ha/ros2_ws/src/build/turtlesim_catch_all/build
creating /home/ha/ros2_ws/src/build/turtlesim_catch_all/build/lib
creating /home/ha/ros2_ws/src/build/turtlesim_catch_all/build/lib/turtlesim_catch_all
copying turtlesim_catch_all/turtle_controller_targetpoint.py -> /home/ha/ros2_ws/src/build/turtlesim_catch_all/build/lib/turtlesim_catch_all
copying turtlesim_catch_all/turtle_controller_catch_points.py -> /home/ha/ros2_ws/src/build/turtlesim_catch_all/build/lib/turtlesim_catch_all
copying turtlesim_catch_all/__init__.py -> /home/ha/ros2_ws/src/build/turtlesim_catch_all/build/lib/turtlesim_catch_all
running install
running install_lib
creating /home/ha/ros2_ws/src/install/turtlesim_catch_all/lib/python3.12/site-packages/turtlesim_catch_all
copying /home/ha/ros2_ws/src/build/turtlesim_catch_all/build/lib/turtlesim_catch_all/turtle_controller_targetpoint.py -> /home/ha/ros2_ws/src/install/turtlesim_catch_all/lib/python3.12/site-packages/turtlesim_catch_all
copying /home/ha/ros2_ws/src/build/turtlesim_catch_all/build/lib/turtlesim_catch_all/turtle_controller_catch_points.py -> /home/ha/ros2_ws/src/install/turtlesim_catch_all/lib/python3.12/site-packages/turtlesim_catch_all
copying /home/ha/ros2_ws/src/build/turtlesim_catch_all/build/lib/turtlesim_catch_all/__init__.py -> /home/ha/ros2_ws/src/install/turtlesim_catch_all/lib/python3.12/site-packages/turtlesim_catch_all
byte-compiling /home/ha/ros2_ws/src/install/turtlesim_catch_all/lib/python3.12/site-packages/turtlesim_catch_all/turtle_controller_targetpoint.py to turtle_controller_targetpoint.cpython-312.pyc
byte-compiling /home/ha/ros2_ws/src/install/turtlesim_catch_all/lib/python3.12/site-packages/turtlesim_catch_all/turtle_controller_catch_points.py to turtle_controller_catch_points.cpython-312.pyc
byte-compiling /home/ha/ros2_ws/src/install/turtlesim_catch_all/lib/python3.12/site-packages/turtlesim_catch_all/__init__.py to __init__.cpython-312.pyc
running install_data
creating /home/ha/ros2_ws/src/install/turtlesim_catch_all/share/ament_index
creating /home/ha/ros2_ws/src/install/turtlesim_catch_all/share/ament_index/resource_index
creating /home/ha/ros2_ws/src/install/turtlesim_catch_all/share/ament_index/resource_index/packages
