[0.881s] Invoking command in '/home/ha/ros2_ws/src/turtlesim_catch_all': DEBUGINFOD_URLS=https://debuginfod.ubuntu.com PYTHONPATH=/home/ha/ros2_ws/src/build/turtlesim_catch_all/prefix_override:/usr/lib/python3/dist-packages/colcon_core/task/python/colcon_distutils_commands:/home/ha/ros2_ws/src/install/turtlesim_catch_all/lib/python3.12/site-packages:${PYTHONPATH} /usr/bin/python3 -W ignore:setup.py install is deprecated -W ignore:easy_install command is deprecated setup.py egg_info --egg-base ../build/turtlesim_catch_all build --build-base /home/ha/ros2_ws/src/build/turtlesim_catch_all/build install --record /home/ha/ros2_ws/src/build/turtlesim_catch_all/install.log --single-version-externally-managed install_data
[1.158s] running egg_info
[1.158s] creating ../build/turtlesim_catch_all/turtlesim_catch_all.egg-info
[1.175s] writing ../build/turtlesim_catch_all/turtlesim_catch_all.egg-info/PKG-INFO
[1.175s] writing dependency_links to ../build/turtlesim_catch_all/turtlesim_catch_all.egg-info/dependency_links.txt
[1.176s] writing entry points to ../build/turtlesim_catch_all/turtlesim_catch_all.egg-info/entry_points.txt
[1.176s] writing requirements to ../build/turtlesim_catch_all/turtlesim_catch_all.egg-info/requires.txt
[1.177s] writing top-level names to ../build/turtlesim_catch_all/turtlesim_catch_all.egg-info/top_level.txt
[1.177s] writing manifest file '../build/turtlesim_catch_all/turtlesim_catch_all.egg-info/SOURCES.txt'
[1.213s] reading manifest file '../build/turtlesim_catch_all/turtlesim_catch_all.egg-info/SOURCES.txt'
[1.213s] writing manifest file '../build/turtlesim_catch_all/turtlesim_catch_all.egg-info/SOURCES.txt'
[1.214s] running build
[1.214s] running build_py
[1.214s] creating /home/ha/ros2_ws/src/build/turtlesim_catch_all/build
[1.214s] creating /home/ha/ros2_ws/src/build/turtlesim_catch_all/build/lib
[1.215s] creating /home/ha/ros2_ws/src/build/turtlesim_catch_all/build/lib/turtlesim_catch_all
[1.216s] copying turtlesim_catch_all/turtle_controller_targetpoint.py -> /home/ha/ros2_ws/src/build/turtlesim_catch_all/build/lib/turtlesim_catch_all
[1.216s] copying turtlesim_catch_all/turtle_controller_catch_points.py -> /home/ha/ros2_ws/src/build/turtlesim_catch_all/build/lib/turtlesim_catch_all
[1.217s] copying turtlesim_catch_all/__init__.py -> /home/ha/ros2_ws/src/build/turtlesim_catch_all/build/lib/turtlesim_catch_all
[1.217s] running install
[1.219s] running install_lib
[1.239s] creating /home/ha/ros2_ws/src/install/turtlesim_catch_all/lib/python3.12/site-packages/turtlesim_catch_all
[1.240s] copying /home/ha/ros2_ws/src/build/turtlesim_catch_all/build/lib/turtlesim_catch_all/turtle_controller_targetpoint.py -> /home/ha/ros2_ws/src/install/turtlesim_catch_all/lib/python3.12/site-packages/turtlesim_catch_all
[1.241s] copying /home/ha/ros2_ws/src/build/turtlesim_catch_all/build/lib/turtlesim_catch_all/turtle_controller_catch_points.py -> /home/ha/ros2_ws/src/install/turtlesim_catch_all/lib/python3.12/site-packages/turtlesim_catch_all
[1.243s] copying /home/ha/ros2_ws/src/build/turtlesim_catch_all/build/lib/turtlesim_catch_all/__init__.py -> /home/ha/ros2_ws/src/install/turtlesim_catch_all/lib/python3.12/site-packages/turtlesim_catch_all
[1.244s] byte-compiling /home/ha/ros2_ws/src/install/turtlesim_catch_all/lib/python3.12/site-packages/turtlesim_catch_all/turtle_controller_targetpoint.py to turtle_controller_targetpoint.cpython-312.pyc
[1.244s] byte-compiling /home/ha/ros2_ws/src/install/turtlesim_catch_all/lib/python3.12/site-packages/turtlesim_catch_all/turtle_controller_catch_points.py to turtle_controller_catch_points.cpython-312.pyc
[1.245s] byte-compiling /home/ha/ros2_ws/src/install/turtlesim_catch_all/lib/python3.12/site-packages/turtlesim_catch_all/__init__.py to __init__.cpython-312.pyc
[1.245s] running install_data
[1.245s] creating /home/ha/ros2_ws/src/install/turtlesim_catch_all/share/ament_index
[1.245s] creating /home/ha/ros2_ws/src/install/turtlesim_catch_all/share/ament_index/resource_index
[1.246s] creating /home/ha/ros2_ws/src/install/turtlesim_catch_all/share/ament_index/resource_index/packages
[1.246s] error: can't copy 'resource/turtlesim_catch_all': doesn't exist or not a regular file
[1.258s] Invoked command in '/home/ha/ros2_ws/src/turtlesim_catch_all' returned '1': DEBUGINFOD_URLS=https://debuginfod.ubuntu.com PYTHONPATH=/home/ha/ros2_ws/src/build/turtlesim_catch_all/prefix_override:/usr/lib/python3/dist-packages/colcon_core/task/python/colcon_distutils_commands:/home/ha/ros2_ws/src/install/turtlesim_catch_all/lib/python3.12/site-packages:${PYTHONPATH} /usr/bin/python3 -W ignore:setup.py install is deprecated -W ignore:easy_install command is deprecated setup.py egg_info --egg-base ../build/turtlesim_catch_all build --build-base /home/ha/ros2_ws/src/build/turtlesim_catch_all/build install --record /home/ha/ros2_ws/src/build/turtlesim_catch_all/install.log --single-version-externally-managed install_data
